<?xml version="1.0" encoding="UTF-8"?>
<testsuite xmlns:xsi="http://www.w3.org/2001/XMLSchema-instance" xsi:noNamespaceSchemaLocation="https://maven.apache.org/surefire/maven-surefire-plugin/xsd/surefire-test-report.xsd" name="com.rental.car.center.services.CarRentalServiceTest" time="0.001" tests="5" errors="0" skipped="0" failures="0">
  <properties>
[...]
</properties>
  <testcase name="testSuccessfulBooking" classname="com.rental.car.center.services.CarRentalServiceTest" time="0"/>
  <testcase name="testPastDateFails" classname="com.rental.car.center.services.CarRentalServiceTest" time="0"/>
  <testcase name="testInventoryLimitFails" classname="com.rental.car.center.services.CarRentalServiceTest" time="0"/>
  <testcase name="testOverlappingBookingFails" classname="com.rental.car.center.services.CarRentalServiceTest" time="0"/>
  <testcase name="testNonOverlappingBookingsSucceed" classname="com.rental.car.center.services.CarRentalServiceTest" time="0"/>
</testsuite>